[25.12.18 13:19:37 FINE]: [BetonQuest] BetonQuest 2.2.1 is starting...
[25.12.18 13:19:37 FINE]: [BetonQuest] Running on JRE 21.0.9 (build 10, optional LTS, pre-release info N/A) by Eclipse Adoptium
[25.12.18 13:19:37 FINE]: [BetonQuest] (ConfigurationFile) No patch found.
[25.12.18 13:19:37 FINE]: [BetonQuest] Loaded configVersion language
[25.12.18 13:19:37 FINE]: [BetonQuest] Loaded pl language
[25.12.18 13:19:37 FINE]: [BetonQuest] Loaded en language
[25.12.18 13:19:37 FINE]: [BetonQuest] Loaded de language
[25.12.18 13:19:37 FINE]: [BetonQuest] Loaded fr language
[25.12.18 13:19:37 FINE]: [BetonQuest] Loaded cn language
[25.12.18 13:19:37 FINE]: [BetonQuest] Loaded es language
[25.12.18 13:19:37 FINE]: [BetonQuest] Loaded nl language
[25.12.18 13:19:37 FINE]: [BetonQuest] Loaded it language
[25.12.18 13:19:37 FINE]: [BetonQuest] Loaded hu language
[25.12.18 13:19:37 FINE]: [BetonQuest] Loaded vi language
[25.12.18 13:19:37 FINE]: [BetonQuest] Loaded pt-br language
[25.12.18 13:19:37 FINE]: [BetonQuest] Loaded pt-pt language
[25.12.18 13:19:37 FINE]: [BetonQuest] Loaded ru language
[25.12.18 13:19:37 INFO]: [BetonQuest] Using SQLite for storing data!
[25.12.18 13:19:37 FINE]: [BetonQuest] There are 0 global_tags and 0 global_points loaded
[25.12.18 13:19:37 FINE]: [BetonQuest] Registering advancement condition type
[25.12.18 13:19:37 FINE]: [BetonQuest] Registering and condition type
[25.12.18 13:19:37 FINE]: [BetonQuest] Registering armor condition type
[25.12.18 13:19:37 FINE]: [BetonQuest] Registering biome condition type
[25.12.18 13:19:37 FINE]: [BetonQuest] Registering burning condition type
[25.12.18 13:19:37 FINE]: [BetonQuest] Registering check condition type
[25.12.18 13:19:37 FINE]: [BetonQuest] Registering chestitem condition type
[25.12.18 13:19:37 FINE]: [BetonQuest] Registering conversation condition type
[25.12.18 13:19:37 FINE]: [BetonQuest] Registering dayofweek condition type
[25.12.18 13:19:37 FINE]: [BetonQuest] Registering effect condition type
[25.12.18 13:19:37 FINE]: [BetonQuest] Registering empty condition type
[25.12.18 13:19:37 FINE]: [BetonQuest] Registering entities condition type
[25.12.18 13:19:37 FINE]: [BetonQuest] Registering experience condition type
[25.12.18 13:19:37 FINE]: [BetonQuest] Registering facing condition type
[25.12.18 13:19:37 FINE]: [BetonQuest] Registering fly condition type
[25.12.18 13:19:37 FINE]: [BetonQuest] Registering gamemode condition type
[25.12.18 13:19:37 FINE]: [BetonQuest] Registering globalpoint condition type
[25.12.18 13:19:37 FINE]: [BetonQuest] Registering globaltag condition type
[25.12.18 13:19:37 FINE]: [BetonQuest] Registering hand condition type
[25.12.18 13:19:37 FINE]: [BetonQuest] Registering health condition type
[25.12.18 13:19:37 FINE]: [BetonQuest] Registering height condition type
[25.12.18 13:19:37 FINE]: [BetonQuest] Registering hunger condition type
[25.12.18 13:19:37 FINE]: [BetonQuest] Registering inconversation condition type
[25.12.18 13:19:37 FINE]: [BetonQuest] Registering item condition type
[25.12.18 13:19:37 FINE]: [BetonQuest] Registering itemdurability condition type
[25.12.18 13:19:37 FINE]: [BetonQuest] Registering journal condition type
[25.12.18 13:19:37 FINE]: [BetonQuest] Registering language condition type
[25.12.18 13:19:37 FINE]: [BetonQuest] Registering location condition type
[25.12.18 13:19:37 FINE]: [BetonQuest] Registering looking condition type
[25.12.18 13:19:37 FINE]: [BetonQuest] Registering mooncycle condition type
[25.12.18 13:19:37 FINE]: [BetonQuest] Registering numbercompare condition type
[25.12.18 13:19:37 FINE]: [BetonQuest] Registering objective condition type
[25.12.18 13:19:37 FINE]: [BetonQuest] Registering or condition type
[25.12.18 13:19:37 FINE]: [BetonQuest] Registering partialdate condition type
[25.12.18 13:19:37 FINE]: [BetonQuest] Registering party condition type
[25.12.18 13:19:37 FINE]: [BetonQuest] Registering permission condition type
[25.12.18 13:19:37 FINE]: [BetonQuest] Registering point condition type
[25.12.18 13:19:37 FINE]: [BetonQuest] Registering random condition type
[25.12.18 13:19:37 FINE]: [BetonQuest] Registering rating condition type
[25.12.18 13:19:37 FINE]: [BetonQuest] Registering realtime condition type
[25.12.18 13:19:37 FINE]: [BetonQuest] Registering ride condition type
[25.12.18 13:19:37 FINE]: [BetonQuest] Registering score condition type
[25.12.18 13:19:37 FINE]: [BetonQuest] Registering scoretag condition type
[25.12.18 13:19:37 FINE]: [BetonQuest] Registering sneak condition type
[25.12.18 13:19:37 FINE]: [BetonQuest] Registering stage condition type
[25.12.18 13:19:37 FINE]: [BetonQuest] Registering tag condition type
[25.12.18 13:19:37 FINE]: [BetonQuest] Registering testforblock condition type
[25.12.18 13:19:37 FINE]: [BetonQuest] Registering time condition type
[25.12.18 13:19:37 FINE]: [BetonQuest] Registering variable condition type
[25.12.18 13:19:37 FINE]: [BetonQuest] Registering weather condition type
[25.12.18 13:19:37 FINE]: [BetonQuest] Registering world condition type
[25.12.18 13:19:37 FINE]: [BetonQuest] Registering burn event type
[25.12.18 13:19:37 FINE]: [BetonQuest] Registering cancel event type
[25.12.18 13:19:37 FINE]: [BetonQuest] Registering cancelconversation event type
[25.12.18 13:19:37 FINE]: [BetonQuest] Registering chat event type
[25.12.18 13:19:37 FINE]: [BetonQuest] Registering chestclear event type
[25.12.18 13:19:37 FINE]: [BetonQuest] Registering chestgive event type
[25.12.18 13:19:37 FINE]: [BetonQuest] Registering chesttake event type
[25.12.18 13:19:37 FINE]: [BetonQuest] Registering compass event type
[25.12.18 13:19:37 FINE]: [BetonQuest] Registering command event type
[25.12.18 13:19:37 FINE]: [BetonQuest] Registering conversation event type
[25.12.18 13:19:37 FINE]: [BetonQuest] Registering damage event type
[25.12.18 13:19:37 FINE]: [BetonQuest] Registering deleffect event type
[25.12.18 13:19:37 FINE]: [BetonQuest] Registering deleteglobalpoint event type
[25.12.18 13:19:37 FINE]: [BetonQuest] Registering deletepoint event type
[25.12.18 13:19:37 FINE]: [BetonQuest] Registering door event type
[25.12.18 13:19:37 FINE]: [BetonQuest] Registering drop event type
[25.12.18 13:19:37 FINE]: [BetonQuest] Registering effect event type
[25.12.18 13:19:37 FINE]: [BetonQuest] Registering experience event type
[25.12.18 13:19:37 FINE]: [BetonQuest] Registering explosion event type
[25.12.18 13:19:37 FINE]: [BetonQuest] Registering folder event type
[25.12.18 13:19:37 FINE]: [BetonQuest] Registering first event type
[25.12.18 13:19:37 FINE]: [BetonQuest] Registering give event type
[25.12.18 13:19:37 FINE]: [BetonQuest] Registering givejournal event type
[25.12.18 13:19:37 FINE]: [BetonQuest] Registering globaltag event type
[25.12.18 13:19:37 FINE]: [BetonQuest] Registering globalpoint event type
[25.12.18 13:19:37 FINE]: [BetonQuest] Registering hunger event type
[25.12.18 13:19:37 FINE]: [BetonQuest] Registering if event type
[25.12.18 13:19:37 FINE]: [BetonQuest] Registering itemdurability event type
[25.12.18 13:19:37 FINE]: [BetonQuest] Registering journal event type
[25.12.18 13:19:37 FINE]: [BetonQuest] Registering kill event type
[25.12.18 13:19:37 FINE]: [BetonQuest] Registering language event type
[25.12.18 13:19:37 FINE]: [BetonQuest] Registering lever event type
[25.12.18 13:19:37 FINE]: [BetonQuest] Registering lightning event type
[25.12.18 13:19:37 FINE]: [BetonQuest] Registering log event type
[25.12.18 13:19:37 FINE]: [BetonQuest] Registering notify event type
[25.12.18 13:19:37 FINE]: [BetonQuest] Registering notifyall event type
[25.12.18 13:19:37 FINE]: [BetonQuest] Registering objective event type
[25.12.18 13:19:37 FINE]: [BetonQuest] Registering opsudo event type
[25.12.18 13:19:37 FINE]: [BetonQuest] Registering party event type
[25.12.18 13:19:37 FINE]: [BetonQuest] Registering pickrandom event type
[25.12.18 13:19:37 FINE]: [BetonQuest] Registering point event type
[25.12.18 13:19:37 FINE]: [BetonQuest] Registering removeentity event type
[25.12.18 13:19:37 FINE]: [BetonQuest] Registering run event type
[25.12.18 13:19:37 FINE]: [BetonQuest] Registering runForAll event type
[25.12.18 13:19:37 FINE]: [BetonQuest] Registering runIndependent event type
[25.12.18 13:19:37 FINE]: [BetonQuest] Registering setblock event type
[25.12.18 13:19:37 FINE]: [BetonQuest] Registering score event type
[25.12.18 13:19:37 FINE]: [BetonQuest] Registering scoretag event type
[25.12.18 13:19:37 FINE]: [BetonQuest] Registering spawn event type
[25.12.18 13:19:37 FINE]: [BetonQuest] Registering stage event type
[25.12.18 13:19:37 FINE]: [BetonQuest] Registering sudo event type
[25.12.18 13:19:37 FINE]: [BetonQuest] Registering tag event type
[25.12.18 13:19:37 FINE]: [BetonQuest] Registering take event type
[25.12.18 13:19:37 FINE]: [BetonQuest] Registering teleport event type
[25.12.18 13:19:37 FINE]: [BetonQuest] Registering time event type
[25.12.18 13:19:37 FINE]: [BetonQuest] Registering variable event type
[25.12.18 13:19:37 FINE]: [BetonQuest] Registering velocity event type
[25.12.18 13:19:37 FINE]: [BetonQuest] Registering weather event type
[25.12.18 13:19:37 FINE]: [BetonQuest] Registering action objective type
[25.12.18 13:19:37 FINE]: [BetonQuest] Registering arrow objective type
[25.12.18 13:19:37 FINE]: [BetonQuest] Registering block objective type
[25.12.18 13:19:37 FINE]: [BetonQuest] Registering breed objective type
[25.12.18 13:19:37 FINE]: [BetonQuest] Registering brew objective type
[25.12.18 13:19:37 FINE]: [BetonQuest] Registering chestput objective type
[25.12.18 13:19:37 FINE]: [BetonQuest] Registering command objective type
[25.12.18 13:19:37 FINE]: [BetonQuest] Registering consume objective type
[25.12.18 13:19:37 FINE]: [BetonQuest] Registering craft objective type
[25.12.18 13:19:37 FINE]: [BetonQuest] Registering delay objective type
[25.12.18 13:19:37 FINE]: [BetonQuest] Registering die objective type
[25.12.18 13:19:37 FINE]: [BetonQuest] Registering enchant objective type
[25.12.18 13:19:37 FINE]: [BetonQuest] Registering experience objective type
[25.12.18 13:19:37 FINE]: [BetonQuest] Registering fish objective type
[25.12.18 13:19:37 FINE]: [BetonQuest] Registering interact objective type
[25.12.18 13:19:37 FINE]: [BetonQuest] Registering kill objective type
[25.12.18 13:19:37 FINE]: [BetonQuest] Registering location objective type
[25.12.18 13:19:37 FINE]: [BetonQuest] Registering login objective type
[25.12.18 13:19:37 FINE]: [BetonQuest] Registering logout objective type
[25.12.18 13:19:37 FINE]: [BetonQuest] Registering mobkill objective type
[25.12.18 13:19:37 FINE]: [BetonQuest] Registering password objective type
[25.12.18 13:19:37 FINE]: [BetonQuest] Registering pickup objective type
[25.12.18 13:19:37 FINE]: [BetonQuest] Registering ride objective type
[25.12.18 13:19:37 FINE]: [BetonQuest] Registering shear objective type
[25.12.18 13:19:37 FINE]: [BetonQuest] Registering smelt objective type
[25.12.18 13:19:37 FINE]: [BetonQuest] Registering stage objective type
[25.12.18 13:19:37 FINE]: [BetonQuest] Registering step objective type
[25.12.18 13:19:37 FINE]: [BetonQuest] Registering tame objective type
[25.12.18 13:19:37 FINE]: [BetonQuest] Registering variable objective type
[25.12.18 13:19:37 FINE]: [BetonQuest] Registering equip objective type
[25.12.18 13:19:37 FINE]: [BetonQuest] Registering jump objective type
[25.12.18 13:19:37 FINE]: [BetonQuest] Registering resourcepack objective type
[25.12.18 13:19:37 FINE]: [BetonQuest] Registering condition variable type
[25.12.18 13:19:37 FINE]: [BetonQuest] Registering eval variable type
[25.12.18 13:19:37 FINE]: [BetonQuest] Registering globalpoint [legacy]variable type
[25.12.18 13:19:37 FINE]: [BetonQuest] Registering globaltag [legacy]variable type
[25.12.18 13:19:37 FINE]: [BetonQuest] Registering item [legacy]variable type
[25.12.18 13:19:37 FINE]: [BetonQuest] Registering itemdurability [legacy]variable type
[25.12.18 13:19:37 FINE]: [BetonQuest] Registering location [legacy]variable type
[25.12.18 13:19:37 FINE]: [BetonQuest] Registering math [legacy]variable type
[25.12.18 13:19:37 FINE]: [BetonQuest] Registering npc variable type
[25.12.18 13:19:37 FINE]: [BetonQuest] Registering objective [legacy]variable type
[25.12.18 13:19:37 FINE]: [BetonQuest] Registering point [legacy]variable type
[25.12.18 13:19:37 FINE]: [BetonQuest] Registering player variable type
[25.12.18 13:19:37 FINE]: [BetonQuest] Registering randomnumber [legacy]variable type
[25.12.18 13:19:37 FINE]: [BetonQuest] Registering tag [legacy]variable type
[25.12.18 13:19:37 FINE]: [BetonQuest] Registering version [legacy]variable type
[25.12.18 13:19:37 FINE]: [BetonQuest] Registering simple conversation IO type
[25.12.18 13:19:37 FINE]: [BetonQuest] Registering tellraw conversation IO type
[25.12.18 13:19:37 FINE]: [BetonQuest] Registering chest conversation IO type
[25.12.18 13:19:37 FINE]: [BetonQuest] Registering combined conversation IO type
[25.12.18 13:19:37 FINE]: [BetonQuest] Registering slowtellraw conversation IO type
[25.12.18 13:19:37 FINE]: [BetonQuest] Registering simple interceptor type
[25.12.18 13:19:37 FINE]: [BetonQuest] Registering none interceptor type
[25.12.18 13:19:37 FINE]: [BetonQuest] Registering suppress notify IO type
[25.12.18 13:19:37 FINE]: [BetonQuest] Registering chat notify IO type
[25.12.18 13:19:37 FINE]: [BetonQuest] Registering advancement notify IO type
[25.12.18 13:19:37 FINE]: [BetonQuest] Registering actionbar notify IO type
[25.12.18 13:19:37 FINE]: [BetonQuest] Registering bossbar notify IO type
[25.12.18 13:19:37 FINE]: [BetonQuest] Registering title notify IO type
[25.12.18 13:19:37 FINE]: [BetonQuest] Registering totem notify IO type
[25.12.18 13:19:37 FINE]: [BetonQuest] Registering subtitle notify IO type
[25.12.18 13:19:37 FINE]: [BetonQuest] Registering sound notify IO type
[25.12.18 13:19:37 INFO]: [BetonQuest] Hooking into PlaceholderAPI
[25.12.18 13:19:37 FINE]: [BetonQuest] Registering ph [legacy]variable type
[25.12.18 13:19:37 INFO]: [BetonQuest] Hooking into LuckPerms
[25.12.18 13:19:37 FINE]: [BetonQuest] Registering luckperms event type
[25.12.18 13:19:37 INFO]: [BetonQuest] Hooking into Vault
[25.12.18 13:19:37 FINE]: [BetonQuest] Registering money event type
[25.12.18 13:19:37 FINE]: [BetonQuest] Registering money condition type
[25.12.18 13:19:37 FINE]: [BetonQuest] Registering money variable type
[25.12.18 13:19:37 FINE]: [BetonQuest] Registering permission event type
[25.12.18 13:19:37 INFO]: [BetonQuest] Hooking into WorldEdit
[25.12.18 13:19:37 FINE]: [BetonQuest] Registering paste [legacy]event type
[25.12.18 13:19:37 INFO]: [BetonQuest] Hooking into WorldGuard
[25.12.18 13:19:37 FINE]: [BetonQuest] Registering region [legacy]condition type
[25.12.18 13:19:37 FINE]: [BetonQuest] Registering region objective type
[25.12.18 13:19:37 INFO]: [BetonQuest] Hooking into MythicMobs
[25.12.18 13:19:37 FINE]: [BetonQuest] Registering mythicmobdistance condition type
[25.12.18 13:19:37 FINE]: [BetonQuest] Registering mmobkill objective type
[25.12.18 13:19:37 FINE]: [BetonQuest] Registering mspawnmob event type
[25.12.18 13:19:37 INFO]: [BetonQuest] Hooking into ProtocolLib
[25.12.18 13:19:37 FINE]: [BetonQuest] Registering menu conversation IO type
[25.12.18 13:19:37 FINE]: [BetonQuest] Registering packet interceptor type
[25.12.18 13:19:37 FINE]: [BetonQuest] Registering freeze [legacy]event type
[25.12.18 13:19:37 INFO]: [BetonQuest] Hooking into DecentHolograms
[25.12.18 13:19:37 INFO]: [BetonQuest] Hooking into Shopkeepers
[25.12.18 13:19:37 FINE]: [BetonQuest] Registering shopkeeper [legacy]event type
[25.12.18 13:19:37 FINE]: [BetonQuest] Registering shopamount [legacy]condition type
[25.12.18 13:19:37 INFO]: [BetonQuest] Hooking into Skript
[25.12.18 13:19:37 FINE]: [BetonQuest] Registering skript [legacy]event type
[25.12.18 13:19:37 INFO]: [BetonQuest] Hooking into MythicLib
[25.12.18 13:19:37 FINE]: [BetonQuest] Registering mmostat [legacy]condition type
[25.12.18 13:19:37 FINE]: [BetonQuest] Registering mmoskill objective type
[25.12.18 13:19:37 INFO]: [BetonQuest] Using DecentHolograms as dedicated hologram provider!
[25.12.18 13:19:37 FINE]: [BetonQuest] Registering menu [legacy]condition type
[25.12.18 13:19:37 FINE]: [BetonQuest] Registering menu objective type
[25.12.18 13:19:37 FINE]: [BetonQuest] Registering menu [legacy]event type
[25.12.18 13:19:37 FINE]: [BetonQuest] Registering menu [legacy]variable type
[25.12.18 13:19:37 FINE]: [BetonQuest] Registered command rpgmenu!
[25.12.18 13:19:37 INFO]: [BetonQuest] BetonQuest successfully enabled!
[25.12.18 13:19:37 INFO]: [BetonQuest] Enabled compatibility for LuckPerms, WorldEdit, Skript, DecentHolograms, PlaceholderAPI, MythicLib, WorldGuard, ProtocolLib, Shopkeepers, MythicMobs, Vault!
[25.12.18 13:19:37 FINE]: [BetonQuest] (Schedules) Stopping schedulers...
[25.12.18 13:19:37 FINE]: [BetonQuest] <core> Loading stuff in package core
[25.12.18 13:19:38 FINE]: [BetonQuest] <core>   Event 'core.tier8Up' loaded
[25.12.18 13:19:38 FINE]: [BetonQuest] <core>   Event 'core.tagAssertion' loaded
[25.12.18 13:19:38 FINE]: [BetonQuest] <core>   Event 'core.tier6Up' loaded
[25.12.18 13:19:38 FINE]: [BetonQuest] <core>   Event 'core.tier4Up' loaded
[25.12.18 13:19:38 FINE]: [BetonQuest] <core>   Event 'core.statCore' loaded
[25.12.18 13:19:38 FINE]: [BetonQuest] <core>   Event 'core.tier2Up' loaded
[25.12.18 13:19:38 FINE]: [BetonQuest] <core>   Event 'core.tagSingularity' loaded
[25.12.18 13:19:38 FINE]: [BetonQuest] <core>   Event 'core.tier2' loaded
[25.12.18 13:19:38 FINE]: [BetonQuest] <core>   Event 'core.awakenCheck' loaded
[25.12.18 13:19:38 FINE]: [BetonQuest] <core>   Event 'core.deathPenalty' loaded
[25.12.18 13:19:38 FINE]: [BetonQuest] <core>   Event 'core.tier1' loaded
[25.12.18 13:19:38 FINE]: [BetonQuest] <core>   Event 'core.tier4' loaded
[25.12.18 13:19:38 FINE]: [BetonQuest] <core>   Event 'core.levelUp180' loaded
[25.12.18 13:19:38 FINE]: [BetonQuest] <core>   Event 'core.tier3' loaded
[25.12.18 13:19:38 FINE]: [BetonQuest] <core>   Event 'core.tier6' loaded
[25.12.18 13:19:38 FINE]: [BetonQuest] <core>   Event 'core.awaken4Event' loaded
[25.12.18 13:19:38 FINE]: [BetonQuest] <core>   Event 'core.tier5' loaded
[25.12.18 13:19:38 FINE]: [BetonQuest] <core>   Event 'core.worldAlertCheck' loaded
[25.12.18 13:19:38 FINE]: [BetonQuest] <core>   Event 'core.statFlavor' loaded
[25.12.18 13:19:38 FINE]: [BetonQuest] <core>   Event 'core.awaken4Check' loaded
[25.12.18 13:19:38 FINE]: [BetonQuest] <core>   Event 'core.levelUp25' loaded
[25.12.18 13:19:38 FINE]: [BetonQuest] <core>   Event 'core.raiseThreat' loaded
[25.12.18 13:19:38 FINE]: [BetonQuest] <core>   Event 'core.intentSlot3' loaded
[25.12.18 13:19:38 FINE]: [BetonQuest] <core>   Event 'core.intentSlot1' loaded
[25.12.18 13:19:38 FINE]: [BetonQuest] <core>   Event 'core.intentSlot2' loaded
[25.12.18 13:19:38 FINE]: [BetonQuest] <core>   Event 'core.awaken2Check' loaded
[25.12.18 13:19:38 FINE]: [BetonQuest] <core>   Event 'core.onDeath' loaded
[25.12.18 13:19:38 FINE]: [BetonQuest] <core>   Event 'core.awaken5Check' loaded
[25.12.18 13:19:38 FINE]: [BetonQuest] <core>   Event 'core.titleAnchored' loaded
[25.12.18 13:19:38 FINE]: [BetonQuest] <core>   Event 'core.awaken3Event' loaded
[25.12.18 13:19:38 FINE]: [BetonQuest] <core>   Event 'core.checkLevel' loaded
[25.12.18 13:19:38 FINE]: [BetonQuest] <core>   Event 'core.grantStats' loaded
[25.12.18 13:19:38 FINE]: [BetonQuest] <core>   Event 'core.levelUp10' loaded
[25.12.18 13:19:38 FINE]: [BetonQuest] <core>   Event 'core.pressureGain' loaded
[25.12.18 13:19:38 FINE]: [BetonQuest] <core>   Event 'core.tier7Up' loaded
[25.12.18 13:19:38 FINE]: [BetonQuest] <core>   Event 'core.awaken1Check' loaded
[25.12.18 13:19:38 FINE]: [BetonQuest] <core>   Event 'core.titleDistorter' loaded
[25.12.18 13:19:38 FINE]: [BetonQuest] <core>   Event 'core.tier5Up' loaded
[25.12.18 13:19:38 FINE]: [BetonQuest] <core>   Event 'core.titleReclaimer' loaded
[25.12.18 13:19:38 FINE]: [BetonQuest] <core>   Event 'core.tagEmergence' loaded
[25.12.18 13:19:38 FINE]: [BetonQuest] <core>   Event 'core.tier3Up' loaded
[25.12.18 13:19:38 FINE]: [BetonQuest] <core>   Event 'core.xpLoss' loaded
[25.12.18 13:19:38 FINE]: [BetonQuest] <core>   Event 'core.tier1Up' loaded
[25.12.18 13:19:38 FINE]: [BetonQuest] <core>   Event 'core.capReached' loaded
[25.12.18 13:19:38 FINE]: [BetonQuest] <core>   Event 'core.titleSingularity' loaded
[25.12.18 13:19:38 FINE]: [BetonQuest] <core>   Event 'core.worldReaction' loaded
[25.12.18 13:19:38 FINE]: [BetonQuest] <core>   Event 'core.awaken1Event' loaded
[25.12.18 13:19:38 FINE]: [BetonQuest] <core>   Event 'core.tagStabilization' loaded
[25.12.18 13:19:38 FINE]: [BetonQuest] <core>   Event 'core.levelUp45' loaded
[25.12.18 13:19:38 FINE]: [BetonQuest] <core>   Event 'core.tagDistortion' loaded
[25.12.18 13:19:38 FINE]: [BetonQuest] <core>   Event 'core.worldAlert' loaded
[25.12.18 13:19:38 FINE]: [BetonQuest] <core>   Event 'core.nothing' loaded
[25.12.18 13:19:38 FINE]: [BetonQuest] <core>   Event 'core.titleDrifter' loaded
[25.12.18 13:19:38 FINE]: [BetonQuest] <core>   Event 'core.notifyLevel' loaded
[25.12.18 13:19:38 FINE]: [BetonQuest] <core>   Event 'core.awaken5Event' loaded
[25.12.18 13:19:38 FINE]: [BetonQuest] <core>   Event 'core.tier8' loaded
[25.12.18 13:19:38 FINE]: [BetonQuest] <core>   Event 'core.levelUp140' loaded
[25.12.18 13:19:38 FINE]: [BetonQuest] <core>   Event 'core.tier7' loaded
[25.12.18 13:19:38 FINE]: [BetonQuest] <core>   Event 'core.awaken3Check' loaded
[25.12.18 13:19:38 FINE]: [BetonQuest] <core>   Event 'core.addXpSmall' loaded
[25.12.18 13:19:38 FINE]: [BetonQuest] <core>   Event 'core.levelUp100' loaded
[25.12.18 13:19:38 FINE]: [BetonQuest] <core>   Event 'core.levelUp220' loaded
[25.12.18 13:19:38 FINE]: [BetonQuest] <core>   Event 'core.awaken2Event' loaded
[25.12.18 13:19:38 FINE]: [BetonQuest] <core>   Event 'core.noDeathPenalty' loaded
[25.12.18 13:19:38 FINE]: [BetonQuest] <core>   Event 'core.levelUp70' loaded
[25.12.18 13:19:38 FINE]: [BetonQuest] <core>   Event 'core.instabilityGain' loaded
[25.12.18 13:19:38 FINE]: [BetonQuest] <core>   Event 'core.routeXP' loaded
[25.12.18 13:19:38 FINE]: [BetonQuest] <core>   Condition 'core.lvl60' loaded
[25.12.18 13:19:38 FINE]: [BetonQuest] <core>   Condition 'core.xp45' loaded
[25.12.18 13:19:38 FINE]: [BetonQuest] <core>   Condition 'core.xp100' loaded
[25.12.18 13:19:38 FINE]: [BetonQuest] <core>   Condition 'core.xp220' loaded
[25.12.18 13:19:38 FINE]: [BetonQuest] <core>   Condition 'core.lvl20' loaded
[25.12.18 13:19:38 FINE]: [BetonQuest] <core>   Condition 'core.unstable50' loaded
[25.12.18 13:19:38 FINE]: [BetonQuest] <core>   Condition 'core.lvl1' loaded
[25.12.18 13:19:38 FINE]: [BetonQuest] <core>   Condition 'core.lvl5' loaded
[25.12.18 13:19:38 FINE]: [BetonQuest] <core>   Condition 'core.lvl10' loaded
[25.12.18 13:19:38 FINE]: [BetonQuest] <core>   Condition 'core.xp70' loaded
[25.12.18 13:19:38 FINE]: [BetonQuest] <core>   Condition 'core.lvl15' loaded
[25.12.18 13:19:38 FINE]: [BetonQuest] <core>   Condition 'core.lvl45' loaded
[25.12.18 13:19:38 FINE]: [BetonQuest] <core>   Condition 'core.xp25' loaded
[25.12.18 13:19:38 FINE]: [BetonQuest] <core>   Condition 'core.xp10' loaded
[25.12.18 13:19:38 FINE]: [BetonQuest] <core>   Condition 'core.lvl30' loaded
[25.12.18 13:19:38 FINE]: [BetonQuest] <core>   Condition 'core.xp180' loaded
[25.12.18 13:19:38 FINE]: [BetonQuest] <core>   Condition 'core.xp140' loaded
[25.12.18 13:19:38 FINE]: [BetonQuest] <core>   Condition 'core.awaken1' loaded
[25.12.18 13:19:38 FINE]: [BetonQuest] <core>   Condition 'core.unstable25' loaded
[25.12.18 13:19:38 FINE]: [BetonQuest] <core>   Condition 'core.awaken2' loaded
[25.12.18 13:19:38 FINE]: [BetonQuest] <core>   Condition 'core.awaken5' loaded
[25.12.18 13:19:38 FINE]: [BetonQuest] <core>   Condition 'core.awaken3' loaded
[25.12.18 13:19:38 FINE]: [BetonQuest] <core>   Condition 'core.awaken4' loaded
[25.12.18 13:19:38 FINE]: [BetonQuest] <core>   Objective 'core.killZombie' loaded
[25.12.18 13:19:38 FINE]: [BetonQuest] <core> (Schedules) Parsing schedules for package 'core'.
[25.12.18 13:19:38 FINE]: [BetonQuest] <core> (Schedules) Package contains no schedules.
[25.12.18 13:19:38 FINE]: [BetonQuest] <core> Everything in package core loaded
[25.12.18 13:19:38 INFO]: [BetonQuest] There are 23 conditions, 67 events, 1 objectives and 0 conversations loaded from 1 packages.
[25.12.18 13:19:38 FINE]: [BetonQuest] (Schedules) Starting schedulers...
[25.12.18 13:19:38 FINE]: [BetonQuest] (Schedules) Starting simple scheduler.
[25.12.18 13:19:38 FINE]: [BetonQuest] (Schedules) Collecting missed schedules...
[25.12.18 13:19:38 FINE]: [BetonQuest] (Schedules) Found 0 missed schedule runs that will be caught up.
[25.12.18 13:19:38 FINE]: [BetonQuest] (Schedules) Simple scheduler start complete.
[25.12.18 13:19:38 FINE]: [BetonQuest] (Schedules) Starting realtime scheduler.
[25.12.18 13:19:38 FINE]: [BetonQuest] (Schedules) Collecting reboot schedules...
[25.12.18 13:19:38 FINE]: [BetonQuest] (Schedules) Found 0 reboot schedules. They will be run on next server tick.
[25.12.18 13:19:38 FINE]: [BetonQuest] (Schedules) Found 0 missed schedule runs that will be caught up.
[25.12.18 13:19:38 FINE]: [BetonQuest] (Schedules) Realtime scheduler start complete.
[25.12.18 13:19:38 INFO]: [BetonQuest] §aReloaded 0§a menus
[25.12.18 13:20:18 FINE]: [BetonQuest] (Schedules) Stopping schedulers...
[25.12.18 13:20:18 FINE]: [BetonQuest] (Schedules) Stopping realtimedaily scheduler.
[25.12.18 13:20:18 FINE]: [BetonQuest] (Schedules) Successfully shut down executor service.
[25.12.18 13:20:18 FINE]: [BetonQuest] (Schedules) Stop complete.
[25.12.18 13:20:18 FINE]: [BetonQuest] (Schedules) Stopping realtimecron scheduler.
[25.12.18 13:20:18 FINE]: [BetonQuest] (Schedules) Successfully shut down executor service.
[25.12.18 13:20:18 FINE]: [BetonQuest] (Schedules) Stop complete.
[25.12.18 13:20:18 INFO]: [BetonQuest] BetonQuest successfully disabled!
