[26.07.03 09:57:44 FINE]: [BetonQuest] BetonQuest 2.2.1 is starting...
[26.07.03 09:57:44 FINE]: [BetonQuest] Running on JRE 21.0.7 (build 6, optional LTS, pre-release info N/A) by Eclipse Adoptium
[26.07.03 09:57:44 FINE]: [BetonQuest] (ConfigurationFile) No patch found.
[26.07.03 09:57:44 FINE]: [BetonQuest] Loaded configVersion language
[26.07.03 09:57:44 FINE]: [BetonQuest] Loaded pl language
[26.07.03 09:57:44 FINE]: [BetonQuest] Loaded en language
[26.07.03 09:57:44 FINE]: [BetonQuest] Loaded de language
[26.07.03 09:57:44 FINE]: [BetonQuest] Loaded fr language
[26.07.03 09:57:44 FINE]: [BetonQuest] Loaded cn language
[26.07.03 09:57:44 FINE]: [BetonQuest] Loaded es language
[26.07.03 09:57:44 FINE]: [BetonQuest] Loaded nl language
[26.07.03 09:57:44 FINE]: [BetonQuest] Loaded it language
[26.07.03 09:57:44 FINE]: [BetonQuest] Loaded hu language
[26.07.03 09:57:44 FINE]: [BetonQuest] Loaded vi language
[26.07.03 09:57:44 FINE]: [BetonQuest] Loaded pt-br language
[26.07.03 09:57:44 FINE]: [BetonQuest] Loaded pt-pt language
[26.07.03 09:57:44 FINE]: [BetonQuest] Loaded ru language
[26.07.03 09:57:44 INFO]: [BetonQuest] Using SQLite for storing data!
[26.07.03 09:57:44 FINE]: [BetonQuest] There are 0 global_tags and 0 global_points loaded
[26.07.03 09:57:44 FINE]: [BetonQuest] Registering advancement condition type
[26.07.03 09:57:44 FINE]: [BetonQuest] Registering and condition type
[26.07.03 09:57:44 FINE]: [BetonQuest] Registering armor condition type
[26.07.03 09:57:44 FINE]: [BetonQuest] Registering biome condition type
[26.07.03 09:57:44 FINE]: [BetonQuest] Registering burning condition type
[26.07.03 09:57:44 FINE]: [BetonQuest] Registering check condition type
[26.07.03 09:57:44 FINE]: [BetonQuest] Registering chestitem condition type
[26.07.03 09:57:44 FINE]: [BetonQuest] Registering conversation condition type
[26.07.03 09:57:44 FINE]: [BetonQuest] Registering dayofweek condition type
[26.07.03 09:57:44 FINE]: [BetonQuest] Registering effect condition type
[26.07.03 09:57:44 FINE]: [BetonQuest] Registering empty condition type
[26.07.03 09:57:44 FINE]: [BetonQuest] Registering entities condition type
[26.07.03 09:57:44 FINE]: [BetonQuest] Registering experience condition type
[26.07.03 09:57:44 FINE]: [BetonQuest] Registering facing condition type
[26.07.03 09:57:44 FINE]: [BetonQuest] Registering fly condition type
[26.07.03 09:57:44 FINE]: [BetonQuest] Registering gamemode condition type
[26.07.03 09:57:44 FINE]: [BetonQuest] Registering globalpoint condition type
[26.07.03 09:57:44 FINE]: [BetonQuest] Registering globaltag condition type
[26.07.03 09:57:44 FINE]: [BetonQuest] Registering hand condition type
[26.07.03 09:57:44 FINE]: [BetonQuest] Registering health condition type
[26.07.03 09:57:44 FINE]: [BetonQuest] Registering height condition type
[26.07.03 09:57:44 FINE]: [BetonQuest] Registering hunger condition type
[26.07.03 09:57:44 FINE]: [BetonQuest] Registering inconversation condition type
[26.07.03 09:57:44 FINE]: [BetonQuest] Registering item condition type
[26.07.03 09:57:44 FINE]: [BetonQuest] Registering itemdurability condition type
[26.07.03 09:57:44 FINE]: [BetonQuest] Registering journal condition type
[26.07.03 09:57:44 FINE]: [BetonQuest] Registering language condition type
[26.07.03 09:57:44 FINE]: [BetonQuest] Registering location condition type
[26.07.03 09:57:44 FINE]: [BetonQuest] Registering looking condition type
[26.07.03 09:57:44 FINE]: [BetonQuest] Registering mooncycle condition type
[26.07.03 09:57:44 FINE]: [BetonQuest] Registering numbercompare condition type
[26.07.03 09:57:44 FINE]: [BetonQuest] Registering objective condition type
[26.07.03 09:57:44 FINE]: [BetonQuest] Registering or condition type
[26.07.03 09:57:44 FINE]: [BetonQuest] Registering partialdate condition type
[26.07.03 09:57:44 FINE]: [BetonQuest] Registering party condition type
[26.07.03 09:57:44 FINE]: [BetonQuest] Registering permission condition type
[26.07.03 09:57:44 FINE]: [BetonQuest] Registering point condition type
[26.07.03 09:57:44 FINE]: [BetonQuest] Registering random condition type
[26.07.03 09:57:44 FINE]: [BetonQuest] Registering rating condition type
[26.07.03 09:57:44 FINE]: [BetonQuest] Registering realtime condition type
[26.07.03 09:57:44 FINE]: [BetonQuest] Registering ride condition type
[26.07.03 09:57:44 FINE]: [BetonQuest] Registering score condition type
[26.07.03 09:57:44 FINE]: [BetonQuest] Registering scoretag condition type
[26.07.03 09:57:44 FINE]: [BetonQuest] Registering sneak condition type
[26.07.03 09:57:44 FINE]: [BetonQuest] Registering stage condition type
[26.07.03 09:57:44 FINE]: [BetonQuest] Registering tag condition type
[26.07.03 09:57:44 FINE]: [BetonQuest] Registering testforblock condition type
[26.07.03 09:57:44 FINE]: [BetonQuest] Registering time condition type
[26.07.03 09:57:44 FINE]: [BetonQuest] Registering variable condition type
[26.07.03 09:57:44 FINE]: [BetonQuest] Registering weather condition type
[26.07.03 09:57:44 FINE]: [BetonQuest] Registering world condition type
[26.07.03 09:57:44 FINE]: [BetonQuest] Registering burn event type
[26.07.03 09:57:44 FINE]: [BetonQuest] Registering cancel event type
[26.07.03 09:57:44 FINE]: [BetonQuest] Registering cancelconversation event type
[26.07.03 09:57:44 FINE]: [BetonQuest] Registering chat event type
[26.07.03 09:57:44 FINE]: [BetonQuest] Registering chestclear event type
[26.07.03 09:57:44 FINE]: [BetonQuest] Registering chestgive event type
[26.07.03 09:57:44 FINE]: [BetonQuest] Registering chesttake event type
[26.07.03 09:57:44 FINE]: [BetonQuest] Registering compass event type
[26.07.03 09:57:44 FINE]: [BetonQuest] Registering command event type
[26.07.03 09:57:44 FINE]: [BetonQuest] Registering conversation event type
[26.07.03 09:57:44 FINE]: [BetonQuest] Registering damage event type
[26.07.03 09:57:44 FINE]: [BetonQuest] Registering deleffect event type
[26.07.03 09:57:44 FINE]: [BetonQuest] Registering deleteglobalpoint event type
[26.07.03 09:57:44 FINE]: [BetonQuest] Registering deletepoint event type
[26.07.03 09:57:44 FINE]: [BetonQuest] Registering door event type
[26.07.03 09:57:44 FINE]: [BetonQuest] Registering drop event type
[26.07.03 09:57:44 FINE]: [BetonQuest] Registering effect event type
[26.07.03 09:57:44 FINE]: [BetonQuest] Registering experience event type
[26.07.03 09:57:44 FINE]: [BetonQuest] Registering explosion event type
[26.07.03 09:57:44 FINE]: [BetonQuest] Registering folder event type
[26.07.03 09:57:44 FINE]: [BetonQuest] Registering first event type
[26.07.03 09:57:44 FINE]: [BetonQuest] Registering give event type
[26.07.03 09:57:44 FINE]: [BetonQuest] Registering givejournal event type
[26.07.03 09:57:44 FINE]: [BetonQuest] Registering globaltag event type
[26.07.03 09:57:44 FINE]: [BetonQuest] Registering globalpoint event type
[26.07.03 09:57:44 FINE]: [BetonQuest] Registering hunger event type
[26.07.03 09:57:44 FINE]: [BetonQuest] Registering if event type
[26.07.03 09:57:44 FINE]: [BetonQuest] Registering itemdurability event type
[26.07.03 09:57:44 FINE]: [BetonQuest] Registering journal event type
[26.07.03 09:57:44 FINE]: [BetonQuest] Registering kill event type
[26.07.03 09:57:44 FINE]: [BetonQuest] Registering language event type
[26.07.03 09:57:44 FINE]: [BetonQuest] Registering lever event type
[26.07.03 09:57:44 FINE]: [BetonQuest] Registering lightning event type
[26.07.03 09:57:44 FINE]: [BetonQuest] Registering log event type
[26.07.03 09:57:44 FINE]: [BetonQuest] Registering notify event type
[26.07.03 09:57:44 FINE]: [BetonQuest] Registering notifyall event type
[26.07.03 09:57:44 FINE]: [BetonQuest] Registering objective event type
[26.07.03 09:57:44 FINE]: [BetonQuest] Registering opsudo event type
[26.07.03 09:57:44 FINE]: [BetonQuest] Registering party event type
[26.07.03 09:57:44 FINE]: [BetonQuest] Registering pickrandom event type
[26.07.03 09:57:44 FINE]: [BetonQuest] Registering point event type
[26.07.03 09:57:44 FINE]: [BetonQuest] Registering removeentity event type
[26.07.03 09:57:44 FINE]: [BetonQuest] Registering run event type
[26.07.03 09:57:44 FINE]: [BetonQuest] Registering runForAll event type
[26.07.03 09:57:44 FINE]: [BetonQuest] Registering runIndependent event type
[26.07.03 09:57:44 FINE]: [BetonQuest] Registering setblock event type
[26.07.03 09:57:44 FINE]: [BetonQuest] Registering score event type
[26.07.03 09:57:44 FINE]: [BetonQuest] Registering scoretag event type
[26.07.03 09:57:44 FINE]: [BetonQuest] Registering spawn event type
[26.07.03 09:57:44 FINE]: [BetonQuest] Registering stage event type
[26.07.03 09:57:44 FINE]: [BetonQuest] Registering sudo event type
[26.07.03 09:57:44 FINE]: [BetonQuest] Registering tag event type
[26.07.03 09:57:44 FINE]: [BetonQuest] Registering take event type
[26.07.03 09:57:44 FINE]: [BetonQuest] Registering teleport event type
[26.07.03 09:57:44 FINE]: [BetonQuest] Registering time event type
[26.07.03 09:57:44 FINE]: [BetonQuest] Registering variable event type
[26.07.03 09:57:44 FINE]: [BetonQuest] Registering velocity event type
[26.07.03 09:57:44 FINE]: [BetonQuest] Registering weather event type
[26.07.03 09:57:44 FINE]: [BetonQuest] Registering action objective type
[26.07.03 09:57:44 FINE]: [BetonQuest] Registering arrow objective type
[26.07.03 09:57:44 FINE]: [BetonQuest] Registering block objective type
[26.07.03 09:57:44 FINE]: [BetonQuest] Registering breed objective type
[26.07.03 09:57:44 FINE]: [BetonQuest] Registering brew objective type
[26.07.03 09:57:44 FINE]: [BetonQuest] Registering chestput objective type
[26.07.03 09:57:44 FINE]: [BetonQuest] Registering command objective type
[26.07.03 09:57:44 FINE]: [BetonQuest] Registering consume objective type
[26.07.03 09:57:44 FINE]: [BetonQuest] Registering craft objective type
[26.07.03 09:57:44 FINE]: [BetonQuest] Registering delay objective type
[26.07.03 09:57:44 FINE]: [BetonQuest] Registering die objective type
[26.07.03 09:57:44 FINE]: [BetonQuest] Registering enchant objective type
[26.07.03 09:57:44 FINE]: [BetonQuest] Registering experience objective type
[26.07.03 09:57:44 FINE]: [BetonQuest] Registering fish objective type
[26.07.03 09:57:44 FINE]: [BetonQuest] Registering interact objective type
[26.07.03 09:57:44 FINE]: [BetonQuest] Registering kill objective type
[26.07.03 09:57:44 FINE]: [BetonQuest] Registering location objective type
[26.07.03 09:57:44 FINE]: [BetonQuest] Registering login objective type
[26.07.03 09:57:44 FINE]: [BetonQuest] Registering logout objective type
[26.07.03 09:57:44 FINE]: [BetonQuest] Registering mobkill objective type
[26.07.03 09:57:44 FINE]: [BetonQuest] Registering password objective type
[26.07.03 09:57:44 FINE]: [BetonQuest] Registering pickup objective type
[26.07.03 09:57:44 FINE]: [BetonQuest] Registering ride objective type
[26.07.03 09:57:44 FINE]: [BetonQuest] Registering shear objective type
[26.07.03 09:57:44 FINE]: [BetonQuest] Registering smelt objective type
[26.07.03 09:57:44 FINE]: [BetonQuest] Registering stage objective type
[26.07.03 09:57:44 FINE]: [BetonQuest] Registering step objective type
[26.07.03 09:57:44 FINE]: [BetonQuest] Registering tame objective type
[26.07.03 09:57:44 FINE]: [BetonQuest] Registering variable objective type
[26.07.03 09:57:44 FINE]: [BetonQuest] Registering equip objective type
[26.07.03 09:57:44 FINE]: [BetonQuest] Registering jump objective type
[26.07.03 09:57:44 FINE]: [BetonQuest] Registering resourcepack objective type
[26.07.03 09:57:44 FINE]: [BetonQuest] Registering condition variable type
[26.07.03 09:57:44 FINE]: [BetonQuest] Registering eval variable type
[26.07.03 09:57:44 FINE]: [BetonQuest] Registering globalpoint [legacy]variable type
[26.07.03 09:57:44 FINE]: [BetonQuest] Registering globaltag [legacy]variable type
[26.07.03 09:57:44 FINE]: [BetonQuest] Registering item [legacy]variable type
[26.07.03 09:57:44 FINE]: [BetonQuest] Registering itemdurability [legacy]variable type
[26.07.03 09:57:44 FINE]: [BetonQuest] Registering location [legacy]variable type
[26.07.03 09:57:44 FINE]: [BetonQuest] Registering math [legacy]variable type
[26.07.03 09:57:44 FINE]: [BetonQuest] Registering npc variable type
[26.07.03 09:57:44 FINE]: [BetonQuest] Registering objective [legacy]variable type
[26.07.03 09:57:44 FINE]: [BetonQuest] Registering point [legacy]variable type
[26.07.03 09:57:44 FINE]: [BetonQuest] Registering player variable type
[26.07.03 09:57:44 FINE]: [BetonQuest] Registering randomnumber [legacy]variable type
[26.07.03 09:57:44 FINE]: [BetonQuest] Registering tag [legacy]variable type
[26.07.03 09:57:44 FINE]: [BetonQuest] Registering version [legacy]variable type
[26.07.03 09:57:44 FINE]: [BetonQuest] Registering simple conversation IO type
[26.07.03 09:57:44 FINE]: [BetonQuest] Registering tellraw conversation IO type
[26.07.03 09:57:44 FINE]: [BetonQuest] Registering chest conversation IO type
[26.07.03 09:57:44 FINE]: [BetonQuest] Registering combined conversation IO type
[26.07.03 09:57:44 FINE]: [BetonQuest] Registering slowtellraw conversation IO type
[26.07.03 09:57:44 FINE]: [BetonQuest] Registering simple interceptor type
[26.07.03 09:57:44 FINE]: [BetonQuest] Registering none interceptor type
[26.07.03 09:57:44 FINE]: [BetonQuest] Registering suppress notify IO type
[26.07.03 09:57:44 FINE]: [BetonQuest] Registering chat notify IO type
[26.07.03 09:57:44 FINE]: [BetonQuest] Registering advancement notify IO type
[26.07.03 09:57:44 FINE]: [BetonQuest] Registering actionbar notify IO type
[26.07.03 09:57:44 FINE]: [BetonQuest] Registering bossbar notify IO type
[26.07.03 09:57:44 FINE]: [BetonQuest] Registering title notify IO type
[26.07.03 09:57:44 FINE]: [BetonQuest] Registering totem notify IO type
[26.07.03 09:57:44 FINE]: [BetonQuest] Registering subtitle notify IO type
[26.07.03 09:57:44 FINE]: [BetonQuest] Registering sound notify IO type
[26.07.03 09:57:45 INFO]: [BetonQuest] Hooking into PlaceholderAPI
[26.07.03 09:57:45 FINE]: [BetonQuest] Registering ph [legacy]variable type
[26.07.03 09:57:45 INFO]: [BetonQuest] Hooking into LuckPerms
[26.07.03 09:57:45 FINE]: [BetonQuest] Registering luckperms event type
[26.07.03 09:57:45 INFO]: [BetonQuest] Hooking into Vault
[26.07.03 09:57:45 FINE]: [BetonQuest] Registering money event type
[26.07.03 09:57:45 FINE]: [BetonQuest] Registering money condition type
[26.07.03 09:57:45 FINE]: [BetonQuest] Registering money variable type
[26.07.03 09:57:45 FINE]: [BetonQuest] Registering permission event type
[26.07.03 09:57:45 INFO]: [BetonQuest] Hooking into WorldEdit
[26.07.03 09:57:45 FINE]: [BetonQuest] Registering paste [legacy]event type
[26.07.03 09:57:45 INFO]: [BetonQuest] Hooking into WorldGuard
[26.07.03 09:57:45 FINE]: [BetonQuest] Registering region [legacy]condition type
[26.07.03 09:57:45 FINE]: [BetonQuest] Registering region objective type
[26.07.03 09:57:45 INFO]: [BetonQuest] Hooking into ProtocolLib
[26.07.03 09:57:45 FINE]: [BetonQuest] Registering menu conversation IO type
[26.07.03 09:57:45 FINE]: [BetonQuest] Registering packet interceptor type
[26.07.03 09:57:45 FINE]: [BetonQuest] Registering freeze [legacy]event type
[26.07.03 09:57:45 INFO]: [BetonQuest] Hooking into DecentHolograms
[26.07.03 09:57:45 INFO]: [BetonQuest] Hooking into MythicMobs
[26.07.03 09:57:45 FINE]: [BetonQuest] Registering mythicmobdistance condition type
[26.07.03 09:57:45 FINE]: [BetonQuest] Registering mmobkill objective type
[26.07.03 09:57:45 FINE]: [BetonQuest] Registering mspawnmob event type
[26.07.03 09:57:45 INFO]: [BetonQuest] Hooking into Shopkeepers
[26.07.03 09:57:45 FINE]: [BetonQuest] Registering shopkeeper [legacy]event type
[26.07.03 09:57:45 FINE]: [BetonQuest] Registering shopamount [legacy]condition type
[26.07.03 09:57:45 INFO]: [BetonQuest] Hooking into Skript
[26.07.03 09:57:45 FINE]: [BetonQuest] Registering skript [legacy]event type
[26.07.03 09:57:45 INFO]: [BetonQuest] Using DecentHolograms as dedicated hologram provider!
[26.07.03 09:57:45 FINE]: [BetonQuest] Registering menu [legacy]condition type
[26.07.03 09:57:45 FINE]: [BetonQuest] Registering menu objective type
[26.07.03 09:57:45 FINE]: [BetonQuest] Registering menu [legacy]event type
[26.07.03 09:57:45 FINE]: [BetonQuest] Registering menu [legacy]variable type
[26.07.03 09:57:45 FINE]: [BetonQuest] Registered command rpgmenu!
[26.07.03 09:57:45 INFO]: [BetonQuest] BetonQuest successfully enabled!
[26.07.03 09:57:49 INFO]: [BetonQuest] Hooking into MythicLib
[26.07.03 09:57:49 FINE]: [BetonQuest] Registering mmostat [legacy]condition type
[26.07.03 09:57:49 FINE]: [BetonQuest] Registering mmoskill objective type
[26.07.03 09:57:50 WARNING]: [BetonQuest] Could not fetch version updates. Probably the host is currently not available: nexus.betonquest.org
[26.07.03 09:57:51 INFO]: [BetonQuest] Enabled compatibility for LuckPerms, WorldEdit, Skript, DecentHolograms, PlaceholderAPI, MythicLib, WorldGuard, ProtocolLib, Shopkeepers, MythicMobs, Vault!
[26.07.03 09:57:51 FINE]: [BetonQuest] (Schedules) Stopping schedulers...
[26.07.03 09:57:51 FINE]: [BetonQuest] <AerethAwakening> Loading stuff in package AerethAwakening
[26.07.03 09:57:51 FINE]: [BetonQuest] <AerethAwakening> Variable AerethAwakening.%player% loaded
[26.07.03 09:57:51 FINE]: [BetonQuest] <AerethAwakening>   Event 'AerethAwakening.aereth_first_fragment' loaded
[26.07.03 09:57:51 FINE]: [BetonQuest] <AerethAwakening>   Event 'AerethAwakening.aereth_first_observation' loaded
[26.07.03 09:57:51 FINE]: [BetonQuest] <AerethAwakening>   Event 'AerethAwakening.aereth_first_echo' loaded
[26.07.03 09:57:51 FINE]: [BetonQuest] <AerethAwakening>   Event 'AerethAwakening.aereth_first_erasure' loaded
[26.07.03 09:57:51 WARNING]: [BetonQuest] <AerethAwakening> Objective type MemorySection[path='objectives.touch_memory', is not registered, check if it's spelled correctly in 'AerethAwakening.touch_memory' objective.
[26.07.03 09:57:51 WARNING]: [BetonQuest] <AerethAwakening> Objective type MemorySection[path='objectives.observe_world', is not registered, check if it's spelled correctly in 'AerethAwakening.observe_world' objective.
[26.07.03 09:57:51 FINE]: [BetonQuest] <AerethAwakening> Loading conversation 'remnant_awakening'.
[26.07.03 09:57:51 WARNING]: [BetonQuest] <AerethAwakening> Error in 'AerethAwakening.remnant_awakening' conversation: NPC option fragment points to end player option, but it does not exist
[26.07.03 09:57:51 FINE]: [BetonQuest] <AerethAwakening> Additional stacktrace:
org.betonquest.betonquest.exceptions.InstructionParseException: NPC option fragment points to end player option, but it does not exist
	at BetonQuest.jar//org.betonquest.betonquest.conversation.ConversationData.validateNpcOptions(ConversationData.java:329)
	at BetonQuest.jar//org.betonquest.betonquest.conversation.ConversationData.parseOptions(ConversationData.java:284)
	at BetonQuest.jar//org.betonquest.betonquest.conversation.ConversationData.<init>(ConversationData.java:194)
	at BetonQuest.jar//org.betonquest.betonquest.quest.registry.processor.ConversationProcessor.load(ConversationProcessor.java:46)
	at BetonQuest.jar//org.betonquest.betonquest.quest.registry.QuestRegistry.loadData(QuestRegistry.java:113)
	at BetonQuest.jar//org.betonquest.betonquest.BetonQuest.loadData(BetonQuest.java:641)
	at BetonQuest.jar//org.betonquest.betonquest.BetonQuest.lambda$onEnable$1(BetonQuest.java:560)
	at org.bukkit.craftbukkit.scheduler.CraftTask.run(CraftTask.java:101)
	at org.bukkit.craftbukkit.scheduler.CraftScheduler.mainThreadHeartbeat(CraftScheduler.java:482)
	at net.minecraft.server.MinecraftServer.runServer(MinecraftServer.java:1147)
	at net.minecraft.server.MinecraftServer.lambda$spin$0(MinecraftServer.java:323)
	at java.base/java.lang.Thread.run(Thread.java:1583)

[26.07.03 09:57:51 FINE]: [BetonQuest] <AerethAwakening> (Schedules) Parsing schedules for package 'AerethAwakening'.
[26.07.03 09:57:51 FINE]: [BetonQuest] <AerethAwakening> (Schedules) Package contains no schedules.
[26.07.03 09:57:51 FINE]: [BetonQuest] <AerethAwakening> Everything in package AerethAwakening loaded
[26.07.03 09:57:51 FINE]: [BetonQuest] <core> Loading stuff in package core
[26.07.03 09:57:51 FINE]: [BetonQuest] <core>   Event 'core.tier8Up' loaded
[26.07.03 09:57:51 FINE]: [BetonQuest] <core>   Event 'core.tagAssertion' loaded
[26.07.03 09:57:51 FINE]: [BetonQuest] <core>   Event 'core.tier6Up' loaded
[26.07.03 09:57:51 FINE]: [BetonQuest] <core>   Event 'core.tier4Up' loaded
[26.07.03 09:57:51 FINE]: [BetonQuest] <core>   Event 'core.statCore' loaded
[26.07.03 09:57:51 FINE]: [BetonQuest] <core>   Event 'core.tier2Up' loaded
[26.07.03 09:57:51 FINE]: [BetonQuest] <core>   Event 'core.tagSingularity' loaded
[26.07.03 09:57:51 FINE]: [BetonQuest] <core>   Event 'core.tier2' loaded
[26.07.03 09:57:51 FINE]: [BetonQuest] <core>   Event 'core.awakenCheck' loaded
[26.07.03 09:57:51 FINE]: [BetonQuest] <core>   Event 'core.deathPenalty' loaded
[26.07.03 09:57:51 FINE]: [BetonQuest] <core>   Event 'core.tier1' loaded
[26.07.03 09:57:51 FINE]: [BetonQuest] <core>   Event 'core.tier4' loaded
[26.07.03 09:57:51 FINE]: [BetonQuest] <core>   Event 'core.levelUp180' loaded
[26.07.03 09:57:51 FINE]: [BetonQuest] <core>   Event 'core.tier3' loaded
[26.07.03 09:57:51 FINE]: [BetonQuest] <core>   Event 'core.tier6' loaded
[26.07.03 09:57:51 FINE]: [BetonQuest] <core>   Event 'core.awaken4Event' loaded
[26.07.03 09:57:51 FINE]: [BetonQuest] <core>   Event 'core.tier5' loaded
[26.07.03 09:57:51 FINE]: [BetonQuest] <core>   Event 'core.worldAlertCheck' loaded
[26.07.03 09:57:51 FINE]: [BetonQuest] <core>   Event 'core.statFlavor' loaded
[26.07.03 09:57:51 FINE]: [BetonQuest] <core>   Event 'core.awaken4Check' loaded
[26.07.03 09:57:51 FINE]: [BetonQuest] <core>   Event 'core.levelUp25' loaded
[26.07.03 09:57:51 FINE]: [BetonQuest] <core>   Event 'core.raiseThreat' loaded
[26.07.03 09:57:51 FINE]: [BetonQuest] <core>   Event 'core.intentSlot3' loaded
[26.07.03 09:57:51 FINE]: [BetonQuest] <core>   Event 'core.intentSlot1' loaded
[26.07.03 09:57:51 FINE]: [BetonQuest] <core>   Event 'core.intentSlot2' loaded
[26.07.03 09:57:51 FINE]: [BetonQuest] <core>   Event 'core.awaken2Check' loaded
[26.07.03 09:57:51 FINE]: [BetonQuest] <core>   Event 'core.onDeath' loaded
[26.07.03 09:57:51 FINE]: [BetonQuest] <core>   Event 'core.awaken5Check' loaded
[26.07.03 09:57:51 FINE]: [BetonQuest] <core>   Event 'core.titleAnchored' loaded
[26.07.03 09:57:51 FINE]: [BetonQuest] <core>   Event 'core.awaken3Event' loaded
[26.07.03 09:57:51 FINE]: [BetonQuest] <core>   Event 'core.checkLevel' loaded
[26.07.03 09:57:51 FINE]: [BetonQuest] <core>   Event 'core.grantStats' loaded
[26.07.03 09:57:51 FINE]: [BetonQuest] <core>   Event 'core.levelUp10' loaded
[26.07.03 09:57:51 FINE]: [BetonQuest] <core>   Event 'core.pressureGain' loaded
[26.07.03 09:57:51 FINE]: [BetonQuest] <core>   Event 'core.tier7Up' loaded
[26.07.03 09:57:51 FINE]: [BetonQuest] <core>   Event 'core.awaken1Check' loaded
[26.07.03 09:57:51 FINE]: [BetonQuest] <core>   Event 'core.titleDistorter' loaded
[26.07.03 09:57:51 FINE]: [BetonQuest] <core>   Event 'core.tier5Up' loaded
[26.07.03 09:57:51 FINE]: [BetonQuest] <core>   Event 'core.titleReclaimer' loaded
[26.07.03 09:57:51 FINE]: [BetonQuest] <core>   Event 'core.tagEmergence' loaded
[26.07.03 09:57:51 FINE]: [BetonQuest] <core>   Event 'core.tier3Up' loaded
[26.07.03 09:57:51 FINE]: [BetonQuest] <core>   Event 'core.xpLoss' loaded
[26.07.03 09:57:51 FINE]: [BetonQuest] <core>   Event 'core.tier1Up' loaded
[26.07.03 09:57:51 FINE]: [BetonQuest] <core>   Event 'core.capReached' loaded
[26.07.03 09:57:51 FINE]: [BetonQuest] <core>   Event 'core.titleSingularity' loaded
[26.07.03 09:57:51 FINE]: [BetonQuest] <core>   Event 'core.worldReaction' loaded
[26.07.03 09:57:51 FINE]: [BetonQuest] <core>   Event 'core.awaken1Event' loaded
[26.07.03 09:57:51 FINE]: [BetonQuest] <core>   Event 'core.tagStabilization' loaded
[26.07.03 09:57:51 FINE]: [BetonQuest] <core>   Event 'core.levelUp45' loaded
[26.07.03 09:57:51 FINE]: [BetonQuest] <core>   Event 'core.tagDistortion' loaded
[26.07.03 09:57:51 FINE]: [BetonQuest] <core>   Event 'core.worldAlert' loaded
[26.07.03 09:57:51 FINE]: [BetonQuest] <core>   Event 'core.nothing' loaded
[26.07.03 09:57:51 FINE]: [BetonQuest] <core>   Event 'core.titleDrifter' loaded
[26.07.03 09:57:51 FINE]: [BetonQuest] <core>   Event 'core.notifyLevel' loaded
[26.07.03 09:57:51 FINE]: [BetonQuest] <core>   Event 'core.awaken5Event' loaded
[26.07.03 09:57:51 FINE]: [BetonQuest] <core>   Event 'core.tier8' loaded
[26.07.03 09:57:51 FINE]: [BetonQuest] <core>   Event 'core.levelUp140' loaded
[26.07.03 09:57:51 FINE]: [BetonQuest] <core>   Event 'core.tier7' loaded
[26.07.03 09:57:51 FINE]: [BetonQuest] <core>   Event 'core.awaken3Check' loaded
[26.07.03 09:57:51 FINE]: [BetonQuest] <core>   Event 'core.addXpSmall' loaded
[26.07.03 09:57:51 FINE]: [BetonQuest] <core>   Event 'core.levelUp100' loaded
[26.07.03 09:57:51 FINE]: [BetonQuest] <core>   Event 'core.levelUp220' loaded
[26.07.03 09:57:51 FINE]: [BetonQuest] <core>   Event 'core.awaken2Event' loaded
[26.07.03 09:57:51 FINE]: [BetonQuest] <core>   Event 'core.noDeathPenalty' loaded
[26.07.03 09:57:51 FINE]: [BetonQuest] <core>   Event 'core.levelUp70' loaded
[26.07.03 09:57:51 FINE]: [BetonQuest] <core>   Event 'core.instabilityGain' loaded
[26.07.03 09:57:51 FINE]: [BetonQuest] <core>   Event 'core.routeXP' loaded
[26.07.03 09:57:51 FINE]: [BetonQuest] <core>   Condition 'core.lvl60' loaded
[26.07.03 09:57:51 FINE]: [BetonQuest] <core>   Condition 'core.xp45' loaded
[26.07.03 09:57:51 FINE]: [BetonQuest] <core>   Condition 'core.xp100' loaded
[26.07.03 09:57:51 FINE]: [BetonQuest] <core>   Condition 'core.xp220' loaded
[26.07.03 09:57:51 FINE]: [BetonQuest] <core>   Condition 'core.lvl20' loaded
[26.07.03 09:57:51 FINE]: [BetonQuest] <core>   Condition 'core.unstable50' loaded
[26.07.03 09:57:51 FINE]: [BetonQuest] <core>   Condition 'core.lvl1' loaded
[26.07.03 09:57:51 FINE]: [BetonQuest] <core>   Condition 'core.lvl5' loaded
[26.07.03 09:57:51 FINE]: [BetonQuest] <core>   Condition 'core.lvl10' loaded
[26.07.03 09:57:51 FINE]: [BetonQuest] <core>   Condition 'core.xp70' loaded
[26.07.03 09:57:51 FINE]: [BetonQuest] <core>   Condition 'core.lvl15' loaded
[26.07.03 09:57:51 FINE]: [BetonQuest] <core>   Condition 'core.lvl45' loaded
[26.07.03 09:57:51 FINE]: [BetonQuest] <core>   Condition 'core.xp25' loaded
[26.07.03 09:57:51 FINE]: [BetonQuest] <core>   Condition 'core.xp10' loaded
[26.07.03 09:57:51 FINE]: [BetonQuest] <core>   Condition 'core.lvl30' loaded
[26.07.03 09:57:51 FINE]: [BetonQuest] <core>   Condition 'core.xp180' loaded
[26.07.03 09:57:51 FINE]: [BetonQuest] <core>   Condition 'core.xp140' loaded
[26.07.03 09:57:51 FINE]: [BetonQuest] <core>   Condition 'core.awaken1' loaded
[26.07.03 09:57:51 FINE]: [BetonQuest] <core>   Condition 'core.unstable25' loaded
[26.07.03 09:57:51 FINE]: [BetonQuest] <core>   Condition 'core.awaken2' loaded
[26.07.03 09:57:51 FINE]: [BetonQuest] <core>   Condition 'core.awaken5' loaded
[26.07.03 09:57:51 FINE]: [BetonQuest] <core>   Condition 'core.awaken3' loaded
[26.07.03 09:57:51 FINE]: [BetonQuest] <core>   Condition 'core.awaken4' loaded
[26.07.03 09:57:51 FINE]: [BetonQuest] <core>   Objective 'core.killZombie' loaded
[26.07.03 09:57:51 FINE]: [BetonQuest] <core> (Schedules) Parsing schedules for package 'core'.
[26.07.03 09:57:51 FINE]: [BetonQuest] <core> (Schedules) Package contains no schedules.
[26.07.03 09:57:51 FINE]: [BetonQuest] <core> Everything in package core loaded
[26.07.03 09:57:51 INFO]: [BetonQuest] There are 23 conditions, 71 events, 1 objectives and 0 conversations loaded from 2 packages.
[26.07.03 09:57:51 FINE]: [BetonQuest] (Schedules) Starting schedulers...
[26.07.03 09:57:51 FINE]: [BetonQuest] (Schedules) Starting simple scheduler.
[26.07.03 09:57:51 FINE]: [BetonQuest] (Schedules) Collecting missed schedules...
[26.07.03 09:57:51 FINE]: [BetonQuest] (Schedules) Found 0 missed schedule runs that will be caught up.
[26.07.03 09:57:51 FINE]: [BetonQuest] (Schedules) Simple scheduler start complete.
[26.07.03 09:57:51 FINE]: [BetonQuest] (Schedules) Starting realtime scheduler.
[26.07.03 09:57:51 FINE]: [BetonQuest] (Schedules) Collecting reboot schedules...
[26.07.03 09:57:51 FINE]: [BetonQuest] (Schedules) Found 0 reboot schedules. They will be run on next server tick.
[26.07.03 09:57:51 FINE]: [BetonQuest] (Schedules) Found 0 missed schedule runs that will be caught up.
[26.07.03 09:57:51 FINE]: [BetonQuest] (Schedules) Realtime scheduler start complete.
[26.07.03 09:57:51 INFO]: [BetonQuest] §aReloaded 0§a menus
[26.07.03 09:58:17 FINE]: [BetonQuest] Loaded 1 objectives, 1 tags, 0 points, 0 journal entries and 0 items for SpitFire720 with profile SpitFire720
[26.07.03 09:58:17 FINE]: [BetonQuest] Inserting data for SpitFire720 with profile SpitFire720
[26.07.03 09:58:17 WARNING]: [BetonQuest] Loaded 'core.xpRecovery' objective from the database, but it is not defined in configuration. Skipping.
[26.07.03 09:58:17 FINE]: [BetonQuest] Additional stacktrace:
org.betonquest.betonquest.exceptions.ObjectNotFoundException: Objective 'core.xpRecovery' is not defined
	at BetonQuest.jar//org.betonquest.betonquest.id.ID.<init>(ID.java:91)
	at BetonQuest.jar//org.betonquest.betonquest.id.ObjectiveID.<init>(ObjectiveID.java:11)
	at BetonQuest.jar//org.betonquest.betonquest.database.PlayerData.startObjectives(PlayerData.java:356)
	at BetonQuest.jar//org.betonquest.betonquest.JoinQuitListener.onPlayerJoin(JoinQuitListener.java:62)
	at com.destroystokyo.paper.event.executor.asm.generated.GeneratedEventExecutor266.execute(Unknown Source)
	at org.bukkit.plugin.EventExecutor$2.execute(EventExecutor.java:77)
	at co.aikar.timings.TimedEventExecutor.execute(TimedEventExecutor.java:81)
	at org.bukkit.plugin.RegisteredListener.callEvent(RegisteredListener.java:70)
	at io.papermc.paper.plugin.manager.PaperEventManager.callEvent(PaperEventManager.java:54)
	at io.papermc.paper.plugin.manager.PaperPluginManagerImpl.callEvent(PaperPluginManagerImpl.java:131)
	at org.bukkit.plugin.SimplePluginManager.callEvent(SimplePluginManager.java:628)
	at net.minecraft.server.players.PlayerList.placeNewPlayer(PlayerList.java:347)
	at net.minecraft.server.network.ServerConfigurationPacketListenerImpl.handleConfigurationFinished(ServerConfigurationPacketListenerImpl.java:153)
	at net.minecraft.network.protocol.configuration.ServerboundFinishConfigurationPacket.handle(ServerboundFinishConfigurationPacket.java:22)
	at net.minecraft.network.protocol.configuration.ServerboundFinishConfigurationPacket.handle(ServerboundFinishConfigurationPacket.java:13)
	at net.minecraft.network.protocol.PacketUtils.lambda$ensureRunningOnSameThread$0(PacketUtils.java:55)
	at net.minecraft.server.TickTask.run(TickTask.java:18)
	at net.minecraft.util.thread.BlockableEventLoop.doRunTask(BlockableEventLoop.java:151)
	at net.minecraft.util.thread.ReentrantBlockableEventLoop.doRunTask(ReentrantBlockableEventLoop.java:24)
	at net.minecraft.server.MinecraftServer.doRunTask(MinecraftServer.java:1511)
	at net.minecraft.server.MinecraftServer.doRunTask(MinecraftServer.java:195)
	at net.minecraft.util.thread.BlockableEventLoop.pollTask(BlockableEventLoop.java:125)
	at net.minecraft.server.MinecraftServer.pollTaskInternal(MinecraftServer.java:1488)
	at net.minecraft.server.MinecraftServer.pollTask(MinecraftServer.java:1411)
	at net.minecraft.util.thread.BlockableEventLoop.managedBlock(BlockableEventLoop.java:135)
	at net.minecraft.server.MinecraftServer.waitUntilNextTick(MinecraftServer.java:1377)
	at net.minecraft.server.MinecraftServer.runServer(MinecraftServer.java:1238)
	at net.minecraft.server.MinecraftServer.lambda$spin$0(MinecraftServer.java:323)
	at java.base/java.lang.Thread.run(Thread.java:1583)

[26.07.03 10:10:50 FINE]: [BetonQuest] (Schedules) Stopping schedulers...
[26.07.03 10:10:50 FINE]: [BetonQuest] (Schedules) Stopping realtimedaily scheduler.
[26.07.03 10:10:50 FINE]: [BetonQuest] (Schedules) Successfully shut down executor service.
[26.07.03 10:10:50 FINE]: [BetonQuest] (Schedules) Stop complete.
[26.07.03 10:10:50 FINE]: [BetonQuest] (Schedules) Stopping realtimecron scheduler.
[26.07.03 10:10:50 FINE]: [BetonQuest] (Schedules) Successfully shut down executor service.
[26.07.03 10:10:50 FINE]: [BetonQuest] (Schedules) Stop complete.
[26.07.03 10:10:50 INFO]: [BetonQuest] BetonQuest successfully disabled!
