[2026-07-05 08:31:01][INFO] Loading resources...
[2026-07-05 08:31:01][FINE] Loading resources from: bluemap/resourceExtensions.zip ...
[2026-07-05 08:31:01][FINE] Loading resources from: bluemap/minecraft-client-1.20.6.jar ...
[2026-07-05 08:31:01][FINE] Collecting texture-keys...
[2026-07-05 08:31:01][FINE] Found 1722 texture-keys.
[2026-07-05 08:31:01][FINE] Loading textures from: bluemap/resourceExtensions.zip ...
[2026-07-05 08:31:01][FINE] Loading textures from: bluemap/minecraft-client-1.20.6.jar ...
[2026-07-05 08:31:02][FINE] Baking resources...
[2026-07-05 08:31:02][INFO] Resources loaded.
[2026-07-05 08:31:02][FINE] Loading world main#minecraft:overworld ...
[2026-07-05 08:31:02][FINE] Loading datapack...
[2026-07-05 08:31:02][FINE] Loading datapack from: main/datapacks/bukkit ...
[2026-07-05 08:31:02][FINE] Loading datapack from: main/datapacks/oraxen_trim_armor ...
[2026-07-05 08:31:02][FINE] Loading datapack from: main/datapacks/oraxen_jukebox ...
[2026-07-05 08:31:02][FINE] Loading datapack from: bluemap/resourceExtensions.zip ...
[2026-07-05 08:31:02][FINE] Loading datapack from: bluemap/minecraft-client-1.20.6.jar ...
[2026-07-05 08:31:02][FINE] Baking datapack...
[2026-07-05 08:31:02][FINE] Datapack loaded.
[2026-07-05 08:31:02][INFO] Initializing Storage: 'file' (Type: 'bluemap:file')
[2026-07-05 08:31:02][INFO] Loading map 'world'...
[2026-07-05 08:31:02][FINE] Loading render-state for map 'world'
[2026-07-05 08:31:02][FINE] Loading textures for map 'world'
[2026-07-05 08:31:02][FINE] Loading world main_the_end#minecraft:the_end ...
[2026-07-05 08:31:02][FINE] Loading datapack...
[2026-07-05 08:31:02][FINE] Loading datapack from: bluemap/resourceExtensions.zip ...
[2026-07-05 08:31:02][FINE] Loading datapack from: bluemap/minecraft-client-1.20.6.jar ...
[2026-07-05 08:31:02][FINE] Baking datapack...
[2026-07-05 08:31:02][FINE] Datapack loaded.
[2026-07-05 08:31:02][INFO] Loading map 'world_the_end'...
[2026-07-05 08:31:02][FINE] Loading render-state for map 'world_the_end'
[2026-07-05 08:31:02][FINE] Loading textures for map 'world_the_end'
[2026-07-05 08:31:02][FINE] Loading world main_nether#minecraft:the_nether ...
[2026-07-05 08:31:02][FINE] Loading datapack...
[2026-07-05 08:31:02][FINE] Loading datapack from: bluemap/resourceExtensions.zip ...
[2026-07-05 08:31:02][FINE] Loading datapack from: bluemap/minecraft-client-1.20.6.jar ...
[2026-07-05 08:31:02][FINE] Baking datapack...
[2026-07-05 08:31:02][FINE] Datapack loaded.
[2026-07-05 08:31:02][INFO] Loading map 'world_nether'...
[2026-07-05 08:31:02][FINE] Loading render-state for map 'world_nether'
[2026-07-05 08:31:02][FINE] Loading textures for map 'world_nether'
[2026-07-05 08:31:02][INFO] WebServer bound to all network interfaces on port 8100
[2026-07-05 08:31:02][INFO] WebServer started.
[2026-07-05 08:31:02][FINE] Started watching map 'world' for updates...
[2026-07-05 08:31:02][FINE] Started watching map 'world_the_end' for updates...
[2026-07-05 08:31:02][FINE] Started watching map 'world_nether' for updates...
[2026-07-05 08:31:02][INFO] Loaded!
[2026-07-05 09:31:02][FINE] Stopped watching map 'world' for updates.
[2026-07-05 09:31:02][FINE] Stopped watching map 'world_the_end' for updates.
[2026-07-05 09:31:02][FINE] Stopped watching map 'world_nether' for updates.
[2026-07-05 09:31:02][FINE] Started watching map 'world' for updates...
[2026-07-05 09:31:02][FINE] Started watching map 'world_the_end' for updates...
[2026-07-05 09:31:02][FINE] Started watching map 'world_nether' for updates...
[2026-07-05 10:31:02][FINE] Stopped watching map 'world' for updates.
[2026-07-05 10:31:02][FINE] Stopped watching map 'world_the_end' for updates.
[2026-07-05 10:31:02][FINE] Stopped watching map 'world_nether' for updates.
[2026-07-05 10:31:02][FINE] Started watching map 'world' for updates...
[2026-07-05 10:31:02][FINE] Started watching map 'world_the_end' for updates...
[2026-07-05 10:31:02][FINE] Started watching map 'world_nether' for updates...
